<?xml version="1.0" encoding="UTF-8"?>
<!-- Generated by org.testng.reporters.JUnitReportReporter -->
<testsuite hostname="DESKTOP-L0JVME0" failures="0" tests="4" name="TestData.PatientData" time="88.655" errors="0" timestamp="2023-09-22T19:06:37 IST" skipped="0">
  <testcase classname="TestData.PatientData" name="click_Register_menu" time="4.264"/>
  <testcase classname="TestData.PatientData" name="demographics" time="0.666"/>
  <testcase classname="TestData.PatientData" name="contactInfo" time="0.544"/>
  <testcase classname="TestData.PatientData" name="verify_patient_vist" time="83.181"/>
</testsuite> <!-- TestData.PatientData -->
