<?xml version="1.0" encoding="UTF-8"?>
<!-- Generated by org.testng.reporters.JUnitReportReporter -->
<testsuite hostname="DESKTOP-L0JVME0" failures="0" tests="4" name="TestData.PatientData" time="87.313" errors="0" timestamp="2023-09-25T13:00:02 IST" skipped="0">
  <testcase classname="TestData.PatientData" name="click_Register_menu" time="3.663"/>
  <testcase classname="TestData.PatientData" name="demographics" time="0.768"/>
  <testcase classname="TestData.PatientData" name="contactInfo" time="0.620"/>
  <testcase classname="TestData.PatientData" name="verify_patient_vist" time="82.262"/>
</testsuite> <!-- TestData.PatientData -->
